singing/app/build/outputs/logs/manifest-merger-debug-report.txt
-- Merging decision tree log ---
manifest
ADDED from src/main/AndroidManifest.xml:2:1-59:12
	package
		ADDED from src/main/AndroidManifest.xml:3:5-33
		INJECTED from src/main/AndroidManifest.xml
		INJECTED from src/main/AndroidManifest.xml
	android:versionName
		ADDED from src/main/AndroidManifest.xml:5:5-30
		INJECTED from src/main/AndroidManifest.xml
		INJECTED from src/main/AndroidManifest.xml
	android:versionCode
		ADDED from src/main/AndroidManifest.xml:4:5-28
		INJECTED from src/main/AndroidManifest.xml
		INJECTED from src/main/AndroidManifest.xml
	xmlns:android
		ADDED from src/main/AndroidManifest.xml:2:11-69
uses-permission#android.permission.ACCESS_WIFI_STATE
ADDED from src/main/AndroidManifest.xml:7:5-76
	android:name
		ADDED from src/main/AndroidManifest.xml:7:22-73
uses-permission#android.permission.CHANGE_WIFI_STATE
ADDED from src/main/AndroidManifest.xml:8:5-76
	android:name
		ADDED from src/main/AndroidManifest.xml:8:22-73
uses-permission#android.permission.CHANGE_NETWORK_STATE
ADDED from src/main/AndroidManifest.xml:9:5-79
	android:name
		ADDED from src/main/AndroidManifest.xml:9:22-76
uses-permission#android.permission.INTERNET
ADDED from src/main/AndroidManifest.xml:10:5-67
	android:name
		ADDED from src/main/AndroidManifest.xml:10:22-64
uses-permission#android.permission.ACCESS_NETWORK_STATE
ADDED from src/main/AndroidManifest.xml:11:5-79
	android:name
		ADDED from src/main/AndroidManifest.xml:11:22-76
uses-permission#android.permission.READ_PHONE_STATE
ADDED from src/main/AndroidManifest.xml:12:5-75
	android:name
		ADDED from src/main/AndroidManifest.xml:12:22-72
uses-permission#android.permission.WRITE_EXTERNAL_STORAGE
ADDED from src/main/AndroidManifest.xml:13:5-81
	android:name
		ADDED from src/main/AndroidManifest.xml:13:22-78
uses-permission#android.permission.RECORD_AUDIO
ADDED from src/main/AndroidManifest.xml:15:5-71
	android:name
		ADDED from src/main/AndroidManifest.xml:15:22-68
uses-permission#android.permission.CAMERA
ADDED from src/main/AndroidManifest.xml:16:5-65
	android:name
		ADDED from src/main/AndroidManifest.xml:16:22-62
uses-feature#android.hardware.camera
ADDED from src/main/AndroidManifest.xml:18:5-60
	android:name
		ADDED from src/main/AndroidManifest.xml:18:19-57
uses-feature#android.hardware.camera.autofocus
ADDED from src/main/AndroidManifest.xml:19:5-70
	android:name
		ADDED from src/main/AndroidManifest.xml:19:19-67
uses-feature#android.hardware.camera.front
ADDED from src/main/AndroidManifest.xml:20:5-22:36
	android:required
		ADDED from src/main/AndroidManifest.xml:22:9-33
	android:name
		ADDED from src/main/AndroidManifest.xml:21:9-53
application
ADDED from src/main/AndroidManifest.xml:25:5-58:19
	android:label
		ADDED from src/main/AndroidManifest.xml:27:9-41
	android:icon
		ADDED from src/main/AndroidManifest.xml:26:9-38
activity#com.midisheetmusic.MidiSheetMusicActivity
ADDED from src/main/AndroidManifest.xml:28:9-37:20
	android:screenOrientation
		ADDED from src/main/AndroidManifest.xml:32:13-50
	android:label
		ADDED from src/main/AndroidManifest.xml:31:13-45
	android:configChanges
		ADDED from src/main/AndroidManifest.xml:30:13-48
	android:name
		ADDED from src/main/AndroidManifest.xml:29:13-51
intent-filter#android.intent.action.MAIN+android.intent.category.LAUNCHER
ADDED from src/main/AndroidManifest.xml:33:13-36:29
action#android.intent.action.MAIN
ADDED from src/main/AndroidManifest.xml:34:17-69
	android:name
		ADDED from src/main/AndroidManifest.xml:34:25-66
category#android.intent.category.LAUNCHER
ADDED from src/main/AndroidManifest.xml:35:17-77
	android:name
		ADDED from src/main/AndroidManifest.xml:35:27-74
activity#com.midisheetmusic.ChooseSongActivity
ADDED from src/main/AndroidManifest.xml:38:9-65
	android:name
		ADDED from src/main/AndroidManifest.xml:38:19-53
activity#com.midisheetmusic.FileBrowserActivity
ADDED from src/main/AndroidManifest.xml:39:9-66
	android:name
		ADDED from src/main/AndroidManifest.xml:39:19-54
activity#com.midisheetmusic.AllSongsActivity
ADDED from src/main/AndroidManifest.xml:40:9-63
	android:name
		ADDED from src/main/AndroidManifest.xml:40:19-51
activity#com.midisheetmusic.RecentSongsActivity
ADDED from src/main/AndroidManifest.xml:41:9-66
	android:name
		ADDED from src/main/AndroidManifest.xml:41:19-54
activity#com.midisheetmusic.SettingsActivity
ADDED from src/main/AndroidManifest.xml:42:9-63
	android:name
		ADDED from src/main/AndroidManifest.xml:42:19-51
activity#com.midisheetmusic.HelpActivity
ADDED from src/main/AndroidManifest.xml:43:9-59
	android:name
		ADDED from src/main/AndroidManifest.xml:43:19-47
activity#com.midisheetmusic.SheetMusicActivity
ADDED from src/main/AndroidManifest.xml:44:9-57:20
	android:screenOrientation
		ADDED from src/main/AndroidManifest.xml:47:13-50
	android:configChanges
		ADDED from src/main/AndroidManifest.xml:46:13-48
	android:name
		ADDED from src/main/AndroidManifest.xml:45:13-47
intent-filter#android.intent.action.VIEW+android.intent.category.DEFAULT
ADDED from src/main/AndroidManifest.xml:48:13-56:29
action#android.intent.action.VIEW
ADDED from src/main/AndroidManifest.xml:49:17-69
	android:name
		ADDED from src/main/AndroidManifest.xml:49:25-66
category#android.intent.category.DEFAULT
ADDED from src/main/AndroidManifest.xml:50:17-76
	android:name
		ADDED from src/main/AndroidManifest.xml:50:27-73
data
ADDED from src/main/AndroidManifest.xml:51:17-55:45
	android:host
		ADDED from src/main/AndroidManifest.xml:52:21-37
	android:scheme
		ADDED from src/main/AndroidManifest.xml:55:21-42
	android:pathPattern
		ADDED from src/main/AndroidManifest.xml:54:21-51
	android:mimeType
		ADDED from src/main/AndroidManifest.xml:53:21-43
uses-sdk
INJECTED from src/main/AndroidManifest.xml reason: use-sdk injection requested
	android:targetSdkVersion
		INJECTED from src/main/AndroidManifest.xml
		INJECTED from src/main/AndroidManifest.xml
	android:minSdkVersion
		INJECTED from src/main/AndroidManifest.xml
		INJECTED from src/main/AndroidManifest.xml